  1966.cpp
D:\_JHIWHOON_ws\github_ws\coding_test\LIGNex1_C_T_Study\1966.cpp(12,18): error C2665: 'std::queue<int,std::deque<int,std::allocator<int>>>::queue': 모든 인수 형식을 변환할 수 있는 오버로드된 함수가 없습니다.
      C:\Program Files\Microsoft Visual Studio\2022\Community\VC\Tools\MSVC\14.42.34433\include\queue(50,5):
      'std::queue<int,std::deque<int,std::allocator<int>>>::queue(_Container &&) noexcept(<expr>)'일 수 있습니다.
          with
          [
              _Container=std::deque<int,std::allocator<int>>
          ]
          D:\_JHIWHOON_ws\github_ws\coding_test\LIGNex1_C_T_Study\1966.cpp(12,18):
          'std::queue<int,std::deque<int,std::allocator<int>>>::queue(_Container &&) noexcept(<expr>)': 인수 1을(를) 'int'에서 '_Container &&'(으)로 변환할 수 없습니다.
          with
          [
              _Container=std::deque<int,std::allocator<int>>
          ]
              D:\_JHIWHOON_ws\github_ws\coding_test\LIGNex1_C_T_Study\1966.cpp(12,19):
              원인: 'int'에서 '_Container'(으)로 변환할 수 없습니다.
          with
          [
              _Container=std::deque<int,std::allocator<int>>
          ]
              D:\_JHIWHOON_ws\github_ws\coding_test\LIGNex1_C_T_Study\1966.cpp(12,19):
              class 'std::deque<int,std::allocator<int>>'의 생성자가 'explicit'으로 선언되었습니다.
      C:\Program Files\Microsoft Visual Studio\2022\Community\VC\Tools\MSVC\14.42.34433\include\queue(48,5):
      또는       'std::queue<int,std::deque<int,std::allocator<int>>>::queue(const _Container &)'
          with
          [
              _Container=std::deque<int,std::allocator<int>>
          ]
          D:\_JHIWHOON_ws\github_ws\coding_test\LIGNex1_C_T_Study\1966.cpp(12,18):
          'std::queue<int,std::deque<int,std::allocator<int>>>::queue(const _Container &)': 인수 1을(를) 'int'에서 'const _Container &'(으)로 변환할 수 없습니다.
          with
          [
              _Container=std::deque<int,std::allocator<int>>
          ]
              D:\_JHIWHOON_ws\github_ws\coding_test\LIGNex1_C_T_Study\1966.cpp(12,19):
              원인: 'int'에서 'const _Container'(으)로 변환할 수 없습니다.
          with
          [
              _Container=std::deque<int,std::allocator<int>>
          ]
              D:\_JHIWHOON_ws\github_ws\coding_test\LIGNex1_C_T_Study\1966.cpp(12,19):
              class 'std::deque<int,std::allocator<int>>'의 생성자가 'explicit'으로 선언되었습니다.
      C:\Program Files\Microsoft Visual Studio\2022\Community\VC\Tools\MSVC\14.42.34433\include\queue(78,5):
      또는       'std::queue<int,std::deque<int,std::allocator<int>>>::queue(std::queue<int,std::deque<int,std::allocator<int>>> &&,const _Alloc &) noexcept(<expr>)'
          D:\_JHIWHOON_ws\github_ws\coding_test\LIGNex1_C_T_Study\1966.cpp(12,18):
          'std::queue<int,std::deque<int,std::allocator<int>>>::queue(std::queue<int,std::deque<int,std::allocator<int>>> &&,const _Alloc &) noexcept(<expr>)': 2개의 인수가 필요합니다. 1개가 제공되었습니다.
      C:\Program Files\Microsoft Visual Studio\2022\Community\VC\Tools\MSVC\14.42.34433\include\queue(75,5):
      또는       'std::queue<int,std::deque<int,std::allocator<int>>>::queue(const std::queue<int,std::deque<int,std::allocator<int>>> &,const _Alloc &)'
          D:\_JHIWHOON_ws\github_ws\coding_test\LIGNex1_C_T_Study\1966.cpp(12,18):
          'std::queue<int,std::deque<int,std::allocator<int>>>::queue(const std::queue<int,std::deque<int,std::allocator<int>>> &,const _Alloc &)': 2개의 인수가 필요합니다. 1개가 제공되었습니다.
      C:\Program Files\Microsoft Visual Studio\2022\Community\VC\Tools\MSVC\14.42.34433\include\queue(70,5):
      또는       'std::queue<int,std::deque<int,std::allocator<int>>>::queue(_Container &&,const _Alloc &) noexcept(<expr>)'
          with
          [
              _Container=std::deque<int,std::allocator<int>>
          ]
          D:\_JHIWHOON_ws\github_ws\coding_test\LIGNex1_C_T_Study\1966.cpp(12,18):
          'std::queue<int,std::deque<int,std::allocator<int>>>::queue(_Container &&,const _Alloc &) noexcept(<expr>)': 2개의 인수가 필요합니다. 1개가 제공되었습니다.
          with
          [
              _Container=std::deque<int,std::allocator<int>>
          ]
      C:\Program Files\Microsoft Visual Studio\2022\Community\VC\Tools\MSVC\14.42.34433\include\queue(67,5):
      또는       'std::queue<int,std::deque<int,std::allocator<int>>>::queue(const _Container &,const _Alloc &)'
          with
          [
              _Container=std::deque<int,std::allocator<int>>
          ]
          D:\_JHIWHOON_ws\github_ws\coding_test\LIGNex1_C_T_Study\1966.cpp(12,18):
          'std::queue<int,std::deque<int,std::allocator<int>>>::queue(const _Container &,const _Alloc &)': 2개의 인수가 필요합니다. 1개가 제공되었습니다.
          with
          [
              _Container=std::deque<int,std::allocator<int>>
          ]
      C:\Program Files\Microsoft Visual Studio\2022\Community\VC\Tools\MSVC\14.42.34433\include\queue(63,5):
      또는       'std::queue<int,std::deque<int,std::allocator<int>>>::queue(const _Alloc &) noexcept(<expr>)'
          D:\_JHIWHOON_ws\github_ws\coding_test\LIGNex1_C_T_Study\1966.cpp(12,18):
          'std::queue<int,std::deque<int,std::allocator<int>>>::queue(const _Alloc &) noexcept(<expr>)': '__formal'의 템플릿 인수를 추론할 수 없습니다.
              C:\Program Files\Microsoft Visual Studio\2022\Community\VC\Tools\MSVC\14.42.34433\include\queue(62,29):
              'std::enable_if_t<false,int>': 별칭 템플릿을 특수화하지 못했습니다.
      D:\_JHIWHOON_ws\github_ws\coding_test\LIGNex1_C_T_Study\1966.cpp(12,18):
      인수 목록 '(int)'을(를) 일치시키는 동안
  
